0 info it worked if it ends with ok
1 verbose cli [ 'node', '/usr/local/bin/npm', 'install', '-g', 'node-inspector' ]
2 info using npm@2.13.1
3 info using node@v0.12.6
4 verbose install initial load of /usr/local/lib/package.json
5 verbose readDependencies loading dependencies from /usr/local/lib/package.json
6 silly cache add args [ 'node-inspector', null ]
7 verbose cache add spec node-inspector
8 silly cache add parsed spec { raw: 'node-inspector',
8 silly cache add   scope: null,
8 silly cache add   name: 'node-inspector',
8 silly cache add   rawSpec: '',
8 silly cache add   spec: '*',
8 silly cache add   type: 'range' }
9 silly addNamed node-inspector@*
10 verbose addNamed "*" is a valid semver range for node-inspector
11 silly addNameRange { name: 'node-inspector', range: '*', hasData: false }
12 silly mapToRegistry name node-inspector
13 silly mapToRegistry using default registry
14 silly mapToRegistry registry http://registry.cnpmjs.org/
15 silly mapToRegistry uri http://registry.cnpmjs.org/node-inspector
16 verbose addNameRange registry:http://registry.cnpmjs.org/node-inspector not in flight; fetching
17 verbose request uri http://registry.cnpmjs.org/node-inspector
18 verbose request no auth needed
19 info attempt registry request try #1 at 23:40:59
20 verbose request id 334220e31427eb5c
21 http request GET http://registry.cnpmjs.org/node-inspector
22 info retry will retry, error on last attempt: Error: socket hang up
23 info attempt registry request try #2 at 23:41:09
24 http request GET http://registry.cnpmjs.org/node-inspector
25 info retry will retry, error on last attempt: Error: socket hang up
26 info attempt registry request try #3 at 23:42:09
27 http request GET http://registry.cnpmjs.org/node-inspector
28 verbose stack Error: socket hang up
28 verbose stack     at createHangUpError (_http_client.js:215:15)
28 verbose stack     at Socket.socketOnEnd (_http_client.js:300:23)
28 verbose stack     at Socket.emit (events.js:129:20)
28 verbose stack     at _stream_readable.js:908:16
28 verbose stack     at process._tickCallback (node.js:355:11)
29 verbose cwd /Users/caixiaojia/Documents/node-example
30 error Darwin 14.4.0
31 error argv "node" "/usr/local/bin/npm" "install" "-g" "node-inspector"
32 error node v0.12.6
33 error npm  v2.13.1
34 error code ECONNRESET
35 error network socket hang up
35 error network This is most likely not a problem with npm itself
35 error network and is related to network connectivity.
35 error network In most cases you are behind a proxy or have bad network settings.
35 error network
35 error network If you are behind a proxy, please make sure that the
35 error network 'proxy' config is set properly.  See: 'npm help config'
36 verbose exit [ 1, true ]
